d:\document_x64\documents\github\gyroscope_mti10\dll1\release\dll1.pch
d:\document_x64\documents\github\gyroscope_mti10\dll1\release\vc141.pdb
d:\document_x64\documents\github\gyroscope_mti10\dll1\release\stdafx.obj
d:\document_x64\documents\github\gyroscope_mti10\dll1\release\dllmain.obj
d:\document_x64\documents\github\gyroscope_mti10\dll1\release\dll1.obj
d:\document_x64\documents\github\gyroscope_mti10\release\dll1.lib
d:\document_x64\documents\github\gyroscope_mti10\release\dll1.exp
d:\document_x64\documents\github\gyroscope_mti10\release\dll1.ipdb
d:\document_x64\documents\github\gyroscope_mti10\release\dll1.iobj
d:\document_x64\documents\github\gyroscope_mti10\release\dll1.dll
d:\document_x64\documents\github\gyroscope_mti10\release\dll1.pdb
e:\github\gyroscope_mti10\dll1\release\dll1.obj
e:\github\gyroscope_mti10\dll1\release\dllmain.obj
e:\github\gyroscope_mti10\dll1\release\stdafx.obj
e:\github\gyroscope_mti10\dll1\release\dll1.pch
e:\github\gyroscope_mti10\dll1\release\vc141.pdb
e:\github\gyroscope_mti10\release\dll1.pdb
e:\github\gyroscope_mti10\release\dll1.dll
e:\github\gyroscope_mti10\dll1\release\dll1.tlog\cl.command.1.tlog
e:\github\gyroscope_mti10\dll1\release\dll1.tlog\cl.read.1.tlog
e:\github\gyroscope_mti10\dll1\release\dll1.tlog\cl.write.1.tlog
e:\github\gyroscope_mti10\dll1\release\dll1.tlog\dll1.write.1u.tlog
e:\github\gyroscope_mti10\dll1\release\dll1.tlog\link.command.1.tlog
e:\github\gyroscope_mti10\dll1\release\dll1.tlog\link.read.1.tlog
e:\github\gyroscope_mti10\dll1\release\dll1.tlog\link.write.1.tlog
