  stdafx.cpp
  Dll1.cpp
e:\github\gyroscope_mti10\dll1\dll1.cpp(6): warning C4603: “KEY”: 未定义宏或在预编译头使用后定义发生改变
  e:\github\gyroscope_mti10\dll1\dll1.cpp(6): note: 将宏添加到预编译头中，而不是在此处定义
  e:\github\gyroscope_mti10\dll1\dll1.cpp(14): note: 使用预编译头
e:\github\gyroscope_mti10\dll1\dll1.cpp(9): warning C4603: “HYCOMMONWINAPI_EXPORTS”: 未定义宏或在预编译头使用后定义发生改变
  e:\github\gyroscope_mti10\dll1\dll1.cpp(9): note: 将宏添加到预编译头中，而不是在此处定义
  e:\github\gyroscope_mti10\dll1\dll1.cpp(14): note: 使用预编译头
e:\github\gyroscope_mti10\dll1\dll1.cpp(44): warning C4273: “OpenCOMDevice”: dll 链接不一致
  e:\github\gyroscope_mti10\dll1\dll1.h(13): note: 参见“OpenCOMDevice”的前一个定义
e:\github\gyroscope_mti10\dll1\dll1.cpp(52): warning C4273: “mygetdata”: dll 链接不一致
  e:\github\gyroscope_mti10\dll1\dll1.h(14): note: 参见“mygetdata”的前一个定义
e:\github\gyroscope_mti10\dll1\dll1.cpp(64): warning C4244: “=”: 从“double”转换到“float”，可能丢失数据
e:\github\gyroscope_mti10\dll1\dll1.cpp(69): warning C4244: “=”: 从“double”转换到“float”，可能丢失数据
e:\github\gyroscope_mti10\dll1\dll1.cpp(70): warning C4244: “=”: 从“double”转换到“float”，可能丢失数据
e:\github\gyroscope_mti10\dll1\dll1.cpp(71): warning C4244: “=”: 从“double”转换到“float”，可能丢失数据
e:\github\gyroscope_mti10\dll1\dll1.cpp(78): warning C4273: “mygetCaldata”: dll 链接不一致
  e:\github\gyroscope_mti10\dll1\dll1.h(15): note: 参见“mygetCaldata”的前一个定义
e:\github\gyroscope_mti10\dll1\dll1.cpp(90): warning C4244: “=”: 从“double”转换到“float”，可能丢失数据
e:\github\gyroscope_mti10\dll1\dll1.cpp(99): warning C4273: “mygetEulerdata”: dll 链接不一致
  e:\github\gyroscope_mti10\dll1\dll1.h(16): note: 参见“mygetEulerdata”的前一个定义
e:\github\gyroscope_mti10\dll1\dll1.cpp(108): warning C4244: “=”: 从“double”转换到“float”，可能丢失数据
e:\github\gyroscope_mti10\dll1\dll1.cpp(109): warning C4244: “=”: 从“double”转换到“float”，可能丢失数据
e:\github\gyroscope_mti10\dll1\dll1.cpp(110): warning C4244: “=”: 从“double”转换到“float”，可能丢失数据
e:\github\gyroscope_mti10\dll1\dll1.cpp(116): warning C4273: “CloseCOMDevice”: dll 链接不一致
  e:\github\gyroscope_mti10\dll1\dll1.h(17): note: 参见“CloseCOMDevice”的前一个定义
  dllmain.cpp
    正在创建库 E:\Github\Gyroscope_MTi10\Release\Dll1.lib 和对象 E:\Github\Gyroscope_MTi10\Release\Dll1.exp
  正在生成代码
  13 of 13 functions (100.0%) were compiled.
    4 functions were new in current compilation
    0 functions had inline decision re-evaluated but remain unchanged
  已完成代码的生成
  Dll1.vcxproj -> E:\Github\Gyroscope_MTi10\Release\Dll1.dll
