d:\document_x64\documents\github\gyroscope_mti10\dll1\debug\dll1.pch
d:\document_x64\documents\github\gyroscope_mti10\dll1\debug\vc141.pdb
d:\document_x64\documents\github\gyroscope_mti10\dll1\debug\vc141.idb
d:\document_x64\documents\github\gyroscope_mti10\dll1\debug\stdafx.obj
d:\document_x64\documents\github\gyroscope_mti10\dll1\debug\dllmain.obj
d:\document_x64\documents\github\gyroscope_mti10\dll1\debug\dll1.obj
d:\document_x64\documents\github\gyroscope_mti10\debug\dll1.lib
d:\document_x64\documents\github\gyroscope_mti10\debug\dll1.exp
d:\document_x64\documents\github\gyroscope_mti10\debug\dll1.ilk
d:\document_x64\documents\github\gyroscope_mti10\debug\dll1.dll
d:\document_x64\documents\github\gyroscope_mti10\debug\dll1.pdb
e:\github\gyroscope_mti10\dll1\debug\dll1.obj
e:\github\gyroscope_mti10\dll1\debug\dllmain.obj
e:\github\gyroscope_mti10\dll1\debug\stdafx.obj
e:\github\gyroscope_mti10\dll1\debug\dll1.pch
e:\github\gyroscope_mti10\dll1\debug\vc141.idb
e:\github\gyroscope_mti10\dll1\debug\vc141.pdb
e:\github\gyroscope_mti10\dll1\debug\dll1.tlog\cl.command.1.tlog
e:\github\gyroscope_mti10\dll1\debug\dll1.tlog\cl.read.1.tlog
e:\github\gyroscope_mti10\dll1\debug\dll1.tlog\cl.write.1.tlog
e:\github\gyroscope_mti10\dll1\debug\dll1.tlog\dll1.write.1u.tlog
e:\github\gyroscope_mti10\dll1\debug\dll1.tlog\link.command.1.tlog
e:\github\gyroscope_mti10\dll1\debug\dll1.tlog\link.read.1.tlog
e:\github\gyroscope_mti10\dll1\debug\dll1.tlog\link.write.1.tlog
